Removed Pin From Net: NetName=GND Pin=IC3-3
Removed Pin From Net: NetName=GND Pin=JP5-1
Removed Pin From Net: NetName=5V Pin=R9-2
Removed Pin From Net: NetName=RD3 Pin=R10-1
Removed Pin From Net: NetName=GND Pin=R12-2
Removed Member From Class: ClassName=SCH_ROBOT_HUT_BUI Member=IC3
Removed Member From Class: ClassName=SCH_ROBOT_HUT_BUI Member=JP5
Removed Member From Class: ClassName=SCH_ROBOT_HUT_BUI Member=Q2
Removed Member From Class: ClassName=SCH_ROBOT_HUT_BUI Member=R9
Removed Member From Class: ClassName=SCH_ROBOT_HUT_BUI Member=R10
Removed Member From Class: ClassName=SCH_ROBOT_HUT_BUI Member=R11
Removed Member From Class: ClassName=SCH_ROBOT_HUT_BUI Member=R12
Change Component Designator: OldDesignator=ADC NewDesignator=ADC1
Change Component Designator: OldDesignator=EI NewDesignator=SW2
Change Component Designator: OldDesignator=ICSP NewDesignator=ICSP1
Change Component Designator: OldDesignator=J-5V NewDesignator=J1
Change Component Designator: OldDesignator=J-GND NewDesignator=J3
Change Component Designator: OldDesignator=LCD16x2 NewDesignator=LCD1
Change Component Designator: OldDesignator=RS NewDesignator=RS1
Change Component Designator: OldDesignator=UART NewDesignator=UART1
Change Component Description : Designator=R1 Old Description=C?m New Description=C?m
Change Component Description : Designator=R2 Old Description=C?m New Description=C?m
Change Component Description : Designator=R3 Old Description=C?m New Description=C?m
Change Component Description : Designator=R6 Old Description=C?m New Description=C?m
Change Component Description : Designator=R7 Old Description=C?m New Description=C?m
Change component parameters: Designator = "ADC" ("ADC1"); Footprint = "JP3"; UniqueID = "\VAOAVUKJ" ("\VAOAVUKJ")
Change component parameters (AddParameter): Name = "Value"; Value = "J3"; VariantName = "[No Variations]"
Change component parameters: Designator = "EI" ("SW2"); Footprint = "SW2"; UniqueID = "\VADEWOVN" ("\VADEWOVN")
Change component parameters (AddParameter): Name = "Value"; Value = "SW chip 2 pin"; VariantName = "[No Variations]"
Change component parameters: Designator = "IC1" ("IC1"); Footprint = "QTO-220"; UniqueID = "\COMTUKJY" ("\COMTUKJY")
Change component parameters (AddParameter): Name = "Value"; Value = "LM7805"; VariantName = "[No Variations]"
Change component parameters: Designator = "J-5V" ("J1"); Footprint = "JP3"; UniqueID = "\YLIMWVVQ" ("\YLIMWVVQ")
Change component parameters (AddParameter): Name = "Value"; Value = "J3"; VariantName = "[No Variations]"
Change component parameters: Designator = "J-GND" ("J3"); Footprint = "JP3"; UniqueID = "\LEYNDNDC" ("\LEYNDNDC")
Change component parameters (AddParameter): Name = "Value"; Value = "J3"; VariantName = "[No Variations]"
Change component parameters: Designator = "JDC1" ("JDC1"); Footprint = "DC-IN"; UniqueID = "\GVGUPARC" ("\GVGUPARC")
Change component parameters (AddParameter): Name = "Value"; Value = "Jac DC"; VariantName = "[No Variations]"
Change component parameters: Designator = "JP1" ("JP1"); Footprint = "CON8"; UniqueID = "\MLTMAHEQ" ("\MLTMAHEQ")
Change component parameters (AddParameter): Name = "Value"; Value = "Connector 8"; VariantName = "[No Variations]"
Change component parameters: Designator = "JP3" ("JP3"); Footprint = "CON10"; UniqueID = "\VJARIBBV" ("\VJARIBBV")
Change component parameters (AddParameter): Name = "Value"; Value = "Connector 10"; VariantName = "[No Variations]"
Change component parameters: Designator = "JP4" ("JP4"); Footprint = "CON6"; UniqueID = "\TIKSFHLC" ("\TIKSFHLC")
Change component parameters (AddParameter): Name = "Value"; Value = "Connector 6"; VariantName = "[No Variations]"
Change component parameters: Designator = "LED1" ("LED1"); Footprint = "LED-3"; UniqueID = "\SKTQHTSG" ("\SKTQHTSG")
Change component parameters (AddParameter): Name = "Value"; Value = "LED 3 ly Single Colour"; VariantName = "[No Variations]"
Change component parameters: Designator = "LED2" ("LED2"); Footprint = "LED-3"; UniqueID = "\JJALQAKH" ("\JJALQAKH")
Change component parameters (AddParameter): Name = "Value"; Value = "LED 3 ly Single Colour"; VariantName = "[No Variations]"
Change component parameters: Designator = "Q1" ("Q1"); Footprint = "TO92"; UniqueID = "\GKFJUVDY" ("\GKFJUVDY")
Change component parameters (AddParameter): Name = "Value"; Value = "C9014"; VariantName = "[No Variations]"
Change component parameters: Designator = "R8" ("R8"); Footprint = "SM-RES-1206"; UniqueID = "\WMPWFPCN" ("\WMPWFPCN")
Change component parameters (AddParameter): Name = "Value"; Value = "R1/4W - 1K"; VariantName = "[No Variations]"
Change component parameters: Designator = "RS" ("RS1"); Footprint = "SW2"; UniqueID = "\AVQDMTBU" ("\AVQDMTBU")
Change component parameters (AddParameter): Name = "Value"; Value = "SW chip 2 pin"; VariantName = "[No Variations]"
Change component parameters: Designator = "UART" ("UART1"); Footprint = "CON4"; UniqueID = "\UKXWIWHM" ("\UKXWIWHM")
Change component parameters (AddParameter): Name = "Value"; Value = "Connector 4"; VariantName = "[No Variations]"
Change component parameters: Designator = "VR1" ("VR1"); Footprint = "VR"; UniqueID = "\RAEUCCFG" ("\RAEUCCFG")
Change component parameters (AddParameter): Name = "Value"; Value = "VR 10K"; VariantName = "[No Variations]"
Change component parameters: Designator = "Y1" ("Y1"); Footprint = "Thach Anh 2 chan SMD"; UniqueID = "\BWNTYNFX" ("\BWNTYNFX")
Change component parameters (AddParameter): Name = "Value"; Value = "4Mhz"; VariantName = "[No Variations]"
Change component parameters: Designator = "C2" ("C2"); Footprint = "SM-CAP-0805"; UniqueID = "\UMGOPUGT" ("\UMGOPUGT")
Change component parameters (AddParameter): Name = "Designed by"; Value = "VanDungEvn"; VariantName = "[No Variations]"
Change component parameters (AddParameter): Name = "Value"; Value = "0,1uF/300V"; VariantName = "[No Variations]"
Change component parameters: Designator = "C3" ("C3"); Footprint = "SM-CAP-0805"; UniqueID = "\XPXOPMER" ("\XPXOPMER")
Change component parameters (AddParameter): Name = "Designed by"; Value = "VanDungEvn"; VariantName = "[No Variations]"
Change component parameters (AddParameter): Name = "Value"; Value = "0,1uF/300V"; VariantName = "[No Variations]"
Change component parameters: Designator = "C4" ("C4"); Footprint = "SM-CAP-0805"; UniqueID = "\KLXMWGBN" ("\KLXMWGBN")
Change component parameters (AddParameter): Name = "Designed by"; Value = "VanDungEvn"; VariantName = "[No Variations]"
Change component parameters (AddParameter): Name = "Value"; Value = "0,1uF/300V"; VariantName = "[No Variations]"
Change component parameters: Designator = "C9" ("C9"); Footprint = "SM-CAP-0805"; UniqueID = "\FIRAMVNR" ("\FIRAMVNR")
Change component parameters (AddParameter): Name = "Designed by"; Value = "VanDungEvn"; VariantName = "[No Variations]"
Change component parameters (AddParameter): Name = "Value"; Value = "0,1uF/300V"; VariantName = "[No Variations]"
Change component parameters: Designator = "ICSP" ("ICSP1"); Footprint = "HDR1X5"; UniqueID = "\SCTMJFOI" ("\SCTMJFOI")
Change component parameters (AddParameter): Name = "LatestRevisionDate"; Value = "17-Jul-2002"; VariantName = "[No Variations]"
Change component parameters (AddParameter): Name = "LatestRevisionNote"; Value = "Re-released for DXP Platform."; VariantName = "[No Variations]"
Change component parameters (AddParameter): Name = "Publisher"; Value = "Altium Limited"; VariantName = "[No Variations]"
Change component parameters: Designator = "LCD16x2" ("LCD1"); Footprint = "LCD1602 with Jump"; UniqueID = "\IMFVPKQL" ("\IMFVPKQL")
Change component parameters (AddParameter): Name = "CHIP"; Value = "HD44780"; VariantName = "[No Variations]"
Change component parameters (AddParameter): Name = "Ma_Hang"; Value = "67HZ"; VariantName = "[No Variations]"
Change component parameters (AddParameter): Name = "NCC"; Value = "NSHOP"; VariantName = "[No Variations]"
Change component parameters (AddParameter): Name = "Ten"; Value = "Màn hình LCD 1602 Xanh Lá"; VariantName = "[No Variations]"
Change component parameters: Designator = "C6" ("C6"); Footprint = "CP1.5/3.4"; UniqueID = "\NHCBQJXY" ("\NHCBQJXY")
Change component parameters (AddParameter): Name = "Description 1"; Value = "1000uF/6,3V - 470uF/16V - 330uF - 25V"; VariantName = "[No Variations]"
Change component parameters (AddParameter): Name = "Description 2"; Value = "220uF/35V - 100uF/50V - 63V - 4,7uF/200V"; VariantName = "[No Variations]"
Change component parameters (AddParameter): Name = "Description 3"; Value = "22uF => 33uF100V - 3,3uF => 4,7uF/250V"; VariantName = "[No Variations]"
Change component parameters (AddParameter): Name = "Description 4"; Value = "2,2uF =>3,3uF/350 - 2,2uF/400V - 1uF/450V"; VariantName = "[No Variations]"
Change component parameters (AddParameter): Name = "Value"; Value = "100uF/35V/50V"; VariantName = "[No Variations]"
Change component parameters: Designator = "C1" ("C1"); Footprint = "tu 0805"; UniqueID = "\MSXDREPI" ("\MSXDREPI")
Change component parameters (AddParameter): Name = "Chung_Loai"; Value = "Dán"; VariantName = "[No Variations]"
Change component parameters (AddParameter): Name = "Don_Vi"; Value = "Con"; VariantName = "[No Variations]"
Change component parameters (AddParameter): Name = "Kieu_Chan"; Value = ""; VariantName = "[No Variations]"
Change component parameters (AddParameter): Name = "Ma_Hang"; Value = "MH004563"; VariantName = "[No Variations]"
Change component parameters (AddParameter): Name = "So_Chan"; Value = "2"; VariantName = "[No Variations]"
Change component parameters (AddParameter): Name = "Ten_Linh_Kien"; Value = "T? 0805 33p 10% 50V"; VariantName = "[No Variations]"
Change component parameters: Designator = "C5" ("C5"); Footprint = "tu 0805"; UniqueID = "\TTTBSREB" ("\TTTBSREB")
Change component parameters (AddParameter): Name = "Chung_Loai"; Value = "Dán"; VariantName = "[No Variations]"
Change component parameters (AddParameter): Name = "Don_Vi"; Value = "Con"; VariantName = "[No Variations]"
Change component parameters (AddParameter): Name = "Kieu_Chan"; Value = ""; VariantName = "[No Variations]"
Change component parameters (AddParameter): Name = "Ma_Hang"; Value = "MH004563"; VariantName = "[No Variations]"
Change component parameters (AddParameter): Name = "So_Chan"; Value = "2"; VariantName = "[No Variations]"
Change component parameters (AddParameter): Name = "Ten_Linh_Kien"; Value = "T? 0805 33p 10% 50V"; VariantName = "[No Variations]"
Change component parameters: Designator = "C8" ("C8"); Footprint = "tu 0805"; UniqueID = "\UUAAERMM" ("\UUAAERMM")
Change component parameters (AddParameter): Name = "Chung_Loai"; Value = "Dán"; VariantName = "[No Variations]"
Change component parameters (AddParameter): Name = "Don_Vi"; Value = "Con"; VariantName = "[No Variations]"
Change component parameters (AddParameter): Name = "Kieu_Chan"; Value = ""; VariantName = "[No Variations]"
Change component parameters (AddParameter): Name = "Ma_Hang"; Value = "MH004551"; VariantName = "[No Variations]"
Change component parameters (AddParameter): Name = "So_Chan"; Value = "2"; VariantName = "[No Variations]"
Change component parameters (AddParameter): Name = "Ten_Linh_Kien"; Value = "T? 0805 104-100nF 10% 50V"; VariantName = "[No Variations]"
Change component parameters: Designator = "R1" ("R1"); Footprint = "tro vach 1/4w"; UniqueID = "\BVNOXFTI" ("\BVNOXFTI")
Change component parameters (AddParameter): Name = "Chung_Loai"; Value = "C?m"; VariantName = "[No Variations]"
Change component parameters (AddParameter): Name = "Don_Vi"; Value = "Con"; VariantName = "[No Variations]"
Change component parameters (AddParameter): Name = "Kieu_Chan"; Value = ""; VariantName = "[No Variations]"
Change component parameters (AddParameter): Name = "Ma_Hang"; Value = "MH007303"; VariantName = "[No Variations]"
Change component parameters (AddParameter): Name = "So_Chan"; Value = "2"; VariantName = "[No Variations]"
Change component parameters (AddParameter): Name = "Ten_Linh_Kien"; Value = "Tr? V?ch 1/4w 5% 270R"; VariantName = "[No Variations]"
Change component parameters: Designator = "R2" ("R2"); Footprint = "tro vach 1/4w"; UniqueID = "\KDOBALJX" ("\KDOBALJX")
Change component parameters (AddParameter): Name = "Chung_Loai"; Value = "C?m"; VariantName = "[No Variations]"
Change component parameters (AddParameter): Name = "Don_Vi"; Value = "Con"; VariantName = "[No Variations]"
Change component parameters (AddParameter): Name = "Kieu_Chan"; Value = ""; VariantName = "[No Variations]"
Change component parameters (AddParameter): Name = "Ma_Hang"; Value = "MH006349"; VariantName = "[No Variations]"
Change component parameters (AddParameter): Name = "So_Chan"; Value = "2"; VariantName = "[No Variations]"
Change component parameters (AddParameter): Name = "Ten_Linh_Kien"; Value = "Tr? V?ch 1/4w 1% 10k"; VariantName = "[No Variations]"
Change component parameters: Designator = "R3" ("R3"); Footprint = "tro vach 1/4w"; UniqueID = "\FDVJPODW" ("\FDVJPODW")
Change component parameters (AddParameter): Name = "Chung_Loai"; Value = "C?m"; VariantName = "[No Variations]"
Change component parameters (AddParameter): Name = "Don_Vi"; Value = "Con"; VariantName = "[No Variations]"
Change component parameters (AddParameter): Name = "Kieu_Chan"; Value = ""; VariantName = "[No Variations]"
Change component parameters (AddParameter): Name = "Ma_Hang"; Value = "MH007303"; VariantName = "[No Variations]"
Change component parameters (AddParameter): Name = "So_Chan"; Value = "2"; VariantName = "[No Variations]"
Change component parameters (AddParameter): Name = "Ten_Linh_Kien"; Value = "Tr? V?ch 1/4w 5% 270R"; VariantName = "[No Variations]"
Change component parameters: Designator = "R6" ("R6"); Footprint = "tro vach 1/2w"; UniqueID = "\UWBDUKUO" ("\UWBDUKUO")
Change component parameters (AddParameter): Name = "Chung_Loai"; Value = "C?m"; VariantName = "[No Variations]"
Change component parameters (AddParameter): Name = "Don_Vi"; Value = "Con"; VariantName = "[No Variations]"
Change component parameters (AddParameter): Name = "Kieu_Chan"; Value = ""; VariantName = "[No Variations]"
Change component parameters (AddParameter): Name = "Ma_Hang"; Value = "MH006190"; VariantName = "[No Variations]"
Change component parameters (AddParameter): Name = "So_Chan"; Value = "2"; VariantName = "[No Variations]"
Change component parameters (AddParameter): Name = "Ten_Linh_Kien"; Value = "Tr? 5% 1/2w 220k"; VariantName = "[No Variations]"
Change component parameters: Designator = "R7" ("R7"); Footprint = "tro vach 1/4w"; UniqueID = "\XXSOKPHG" ("\XXSOKPHG")
Change component parameters (AddParameter): Name = "Chung_Loai"; Value = "C?m"; VariantName = "[No Variations]"
Change component parameters (AddParameter): Name = "Don_Vi"; Value = "Con"; VariantName = "[No Variations]"
Change component parameters (AddParameter): Name = "Kieu_Chan"; Value = ""; VariantName = "[No Variations]"
Change component parameters (AddParameter): Name = "Ma_Hang"; Value = "MH007323"; VariantName = "[No Variations]"
Change component parameters (AddParameter): Name = "So_Chan"; Value = "2"; VariantName = "[No Variations]"
Change component parameters (AddParameter): Name = "Ten_Linh_Kien"; Value = "Tr? V?ch 1/4w 5% 5.6k"; VariantName = "[No Variations]"
Change component parameters: Designator = "C7" ("C7"); Footprint = "CP1.5/3.4"; UniqueID = "\LDXIKXBG" ("\LDXIKXBG")
Change component parameters (AddParameter): Name = "Description 1"; Value = "2200uF-3300uF/6,3V - 1000uF-2200uF/10V"; VariantName = "[No Variations]"
Change component parameters (AddParameter): Name = "Description 2"; Value = "1000uF/16V - 470uF => 1000uF/25V - 100uF/100V"; VariantName = "[No Variations]"
Change component parameters (AddParameter): Name = "Description 3"; Value = "330uF>470uF/35V_220uF>470uF/50V_10uF>22uF/250V"; VariantName = "[No Variations]"
Change component parameters (AddParameter): Name = "Description 4"; Value = "220uF => 330uF/63V - 10uF =>33uF/160 - 200V"; VariantName = "[No Variations]"
Change component parameters (AddParameter): Name = "Description 5"; Value = "4,7uF>10uF/250V_3,3uF>10uF/400V - 2,2uF>4,7uF/450V"; VariantName = "[No Variations]"
Change component parameters (AddParameter): Name = "Value"; Value = "1000uF/16V"; VariantName = "[No Variations]"
