Change Component Designator: Old Designator=ADC New Designator=ADC1
Change Component Designator: Old Designator=C1 New Designator=C6
Change Component Designator: Old Designator=C2 New Designator=C7
Change Component Designator: Old Designator=C3 New Designator=C10
Change Component Designator: Old Designator=C4 New Designator=C8
Change Component Designator: Old Designator=C5 New Designator=C1
Change Component Designator: Old Designator=C6 New Designator=C5
Change Component Designator: Old Designator=C9 New Designator=C2
Change Component Designator: Old Designator=C10 New Designator=C3
Change Component Designator: Old Designator=C11 New Designator=C4
Change Component Designator: Old Designator=C12 New Designator=C9
Change Component Designator: Old Designator=IC? New Designator=IC3
Change Component Designator: Old Designator=LED1 New Designator=LED3
Change Component Designator: Old Designator=LED2 New Designator=LED1
Change Component Designator: Old Designator=LED3 New Designator=LED2
Change Component Designator: Old Designator=LM1117-3.3V New Designator=LM1
Change Component Designator: Old Designator=R1 New Designator=R4
Change Component Designator: Old Designator=R2 New Designator=R5
Change Component Designator: Old Designator=R3 New Designator=R1
Change Component Designator: Old Designator=R4 New Designator=R3
Change Component Designator: Old Designator=R4 New Designator=R7
Change Component Designator: Old Designator=R5 New Designator=R6
Change Component Designator: Old Designator=R6 New Designator=R2
Change Component Designator: Old Designator=R6 New Designator=R8
Change Component Designator: Old Designator=UART New Designator=UART1
